[debug] [2023-12-17T18:36:31.978Z] ----------------------------------------------------------------------
[debug] [2023-12-17T18:36:31.980Z] Command:       C:\Program Files\nodejs\node.exe C:\Users\Lenovo Home\AppData\Roaming\npm\node_modules\firebase-tools\lib\bin\firebase.js init
[debug] [2023-12-17T18:36:31.981Z] CLI Version:   13.0.2
[debug] [2023-12-17T18:36:31.981Z] Platform:      win32
[debug] [2023-12-17T18:36:31.981Z] Node Version:  v21.1.0
[debug] [2023-12-17T18:36:31.981Z] Time:          Sun Dec 17 2023 21:36:31 GMT+0300 (Москва, стандартное время)
[debug] [2023-12-17T18:36:31.981Z] ----------------------------------------------------------------------
[debug] 
[debug] [2023-12-17T18:36:32.039Z] > command requires scopes: ["email","openid","https://www.googleapis.com/auth/cloudplatformprojects.readonly","https://www.googleapis.com/auth/firebase","https://www.googleapis.com/auth/cloud-platform"]
[debug] [2023-12-17T18:36:32.040Z] > authorizing via signed-in user (vladpetlu91@gmail.com)
[info] 
     ######## #### ########  ######## ########     ###     ######  ########
     ##        ##  ##     ## ##       ##     ##  ##   ##  ##       ##
     ######    ##  ########  ######   ########  #########  ######  ######
     ##        ##  ##    ##  ##       ##     ## ##     ##       ## ##
     ##       #### ##     ## ######## ########  ##     ##  ######  ########

You're about to initialize a Firebase project in this directory:

  C:\Programming\vue_crm

Before we get started, keep in mind:

  * You are currently outside your home directory
  * You are initializing within an existing Firebase project directory

[info] 
=== Project Setup
[info] 
[info] First, let's associate this project directory with a Firebase project.
[info] You can create multiple project aliases by running firebase use --add, 
[info] but for now we'll just set up a default project.
[info] 
[debug] [2023-12-17T18:36:44.631Z] Using project from CLI flag: vue-crm-b30f9
[debug] [2023-12-17T18:36:44.634Z] >>> [apiv2][query] GET https://firebase.googleapis.com/v1beta1/projects/vue-crm-b30f9 [none]
[debug] [2023-12-17T18:36:45.068Z] <<< [apiv2][status] GET https://firebase.googleapis.com/v1beta1/projects/vue-crm-b30f9 200
[debug] [2023-12-17T18:36:45.069Z] <<< [apiv2][body] GET https://firebase.googleapis.com/v1beta1/projects/vue-crm-b30f9 {"projectId":"vue-crm-b30f9","projectNumber":"282649093163","displayName":"vue-crm","name":"projects/vue-crm-b30f9","resources":{"hostingSite":"vue-crm-b30f9","realtimeDatabaseInstance":"vue-crm-b30f9-default-rtdb"},"state":"ACTIVE","etag":"1_52cbbd2d-caef-4f98-a2e0-3bacb33e2ed6"}
[info] i  Using project vue-crm-b30f9 (vue-crm) 
[info] 
=== Hosting Setup
[debug] [2023-12-17T18:36:45.074Z] >>> [apiv2][query] GET https://firebase.googleapis.com/v1beta1/projects/vue-crm-b30f9 [none]
[debug] [2023-12-17T18:36:45.309Z] <<< [apiv2][status] GET https://firebase.googleapis.com/v1beta1/projects/vue-crm-b30f9 200
[debug] [2023-12-17T18:36:45.309Z] <<< [apiv2][body] GET https://firebase.googleapis.com/v1beta1/projects/vue-crm-b30f9 {"projectId":"vue-crm-b30f9","projectNumber":"282649093163","displayName":"vue-crm","name":"projects/vue-crm-b30f9","resources":{"hostingSite":"vue-crm-b30f9","realtimeDatabaseInstance":"vue-crm-b30f9-default-rtdb"},"state":"ACTIVE","etag":"1_52cbbd2d-caef-4f98-a2e0-3bacb33e2ed6"}
[info] 
[info] Your public directory is the folder (relative to your project directory) that
[info] will contain Hosting assets to be uploaded with firebase deploy. If you
[info] have a build process for your assets, use your build's output directory.
[info] 
[debug] [2023-12-17T18:36:54.926Z] >>> [apiv2][query] GET https://www.gstatic.com/firebasejs/releases.json [none]
[debug] [2023-12-17T18:36:55.087Z] <<< [apiv2][status] GET https://www.gstatic.com/firebasejs/releases.json 200
[debug] [2023-12-17T18:36:55.087Z] <<< [apiv2][body] GET https://www.gstatic.com/firebasejs/releases.json {"current":{"version":"10.7.1","browserURL":"https://www.gstatic.com/firebasejs/10.7.1/firebase.js","packageURL":"https://www.gstatic.com/firebasejs/10.7.1/firebase.tgz"},"live":{"version":"10.7","browserURL":"https://www.gstatic.com/firebasejs/live/10.7/firebase.js","packageURL":"https://www.gstatic.com/firebasejs/live/10.7/firebase.tgz"},"components":{"analytics":"https://www.gstatic.com/firebasejs/10.7.1/firebase-analytics.js","app":"https://www.gstatic.com/firebasejs/10.7.1/firebase-app.js","app-check":"https://www.gstatic.com/firebasejs/10.7.1/firebase-app-check.js","auth":"https://www.gstatic.com/firebasejs/10.7.1/firebase-auth.js","auth/cordova":"https://www.gstatic.com/firebasejs/10.7.1/firebase-auth/cordova.js","functions":"https://www.gstatic.com/firebasejs/10.7.1/firebase-functions.js","firestore":"https://www.gstatic.com/firebasejs/10.7.1/firebase-firestore.js","firestore/lite":"https://www.gstatic.com/firebasejs/10.7.1/firebase-firestore/lite.js","installations":"https://www.gstatic.com/firebasejs/10.7.1/firebase-installations.js","storage":"https://www.gstatic.com/firebasejs/10.7.1/firebase-storage.js","performance":"https://www.gstatic.com/firebasejs/10.7.1/firebase-performance.js","remote-config":"https://www.gstatic.com/firebasejs/10.7.1/firebase-remote-config.js","messaging":"https://www.gstatic.com/firebasejs/10.7.1/firebase-messaging.js","messaging/sw":"https://www.gstatic.com/firebasejs/10.7.1/firebase-messaging/sw.js","database":"https://www.gstatic.com/firebasejs/10.7.1/firebase-database.js","firestore.memory":"https://www.gstatic.com/firebasejs/10.7.1/firebase-firestore.memory.js"}}
[info] i  Skipping write of dist/index.html 
[info] 
[info] i  Detected a .git folder at C:\Programming\vue_crm 
[info] i  Authorizing with GitHub to upload your service account to a GitHub repository's secrets store. 
[info] 
[info] Visit this URL on this device to log in:
[info] https://github.com/login/oauth/authorize?client_id=89cf50f02ac6aaed3484&state=629930371&redirect_uri=http%3A%2F%2Flocalhost%3A9005&scope=read%3Auser%20repo%20public_repo
[info] 
[info] Waiting for authentication...
[debug] [2023-12-17T18:36:57.728Z] >>> [apiv2][query] POST https://github.com/login/oauth/access_token [none]
[debug] [2023-12-17T18:36:57.728Z] >>> [apiv2][body] POST https://github.com/login/oauth/access_token [stream]
[debug] [2023-12-17T18:36:58.107Z] <<< [apiv2][status] POST https://github.com/login/oauth/access_token 200
[debug] [2023-12-17T18:36:58.107Z] <<< [apiv2][body] POST https://github.com/login/oauth/access_token {"access_token":"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","token_type":"bearer","scope":"read:user,repo"}
[debug] [2023-12-17T18:36:58.112Z] >>> [apiv2][query] GET https://api.github.com/user [none]
[debug] [2023-12-17T18:36:58.577Z] <<< [apiv2][status] GET https://api.github.com/user 200
[debug] [2023-12-17T18:36:58.577Z] <<< [apiv2][body] GET https://api.github.com/user {"login":"kuyltep","id":106888786,"node_id":"U_kgDOBl7-Ug","avatar_url":"https://avatars.githubusercontent.com/u/106888786?v=4","gravatar_id":"","url":"https://api.github.com/users/kuyltep","html_url":"https://github.com/kuyltep","followers_url":"https://api.github.com/users/kuyltep/followers","following_url":"https://api.github.com/users/kuyltep/following{/other_user}","gists_url":"https://api.github.com/users/kuyltep/gists{/gist_id}","starred_url":"https://api.github.com/users/kuyltep/starred{/owner}{/repo}","subscriptions_url":"https://api.github.com/users/kuyltep/subscriptions","organizations_url":"https://api.github.com/users/kuyltep/orgs","repos_url":"https://api.github.com/users/kuyltep/repos","events_url":"https://api.github.com/users/kuyltep/events{/privacy}","received_events_url":"https://api.github.com/users/kuyltep/received_events","type":"User","site_admin":false,"name":null,"company":null,"blog":"","location":null,"email":null,"hireable":null,"bio":null,"twitter_username":null,"public_repos":21,"public_gists":0,"followers":0,"following":0,"created_at":"2022-06-04T20:45:13Z","updated_at":"2023-12-03T12:47:41Z","private_gists":0,"total_private_repos":1,"owned_private_repos":1,"disk_usage":137831,"collaborators":0,"two_factor_authentication":false,"plan":{"name":"free","space":976562499,"collaborators":0,"private_repos":10000}}
[info] 
[info] +  Success! Logged into GitHub as kuyltep 
[info] 
[debug] [2023-12-17T18:37:13.253Z] >>> [apiv2][query] GET https://api.github.com/repos/user/crm-system/actions/secrets/public-key type=owner
[debug] [2023-12-17T18:37:13.566Z] <<< [apiv2][status] GET https://api.github.com/repos/user/crm-system/actions/secrets/public-key 404
[debug] [2023-12-17T18:37:13.566Z] <<< [apiv2][body] GET https://api.github.com/repos/user/crm-system/actions/secrets/public-key {"message":"Not Found","documentation_url":"https://docs.github.com/rest/actions/secrets#get-a-repository-public-key"}
[info] 
[info] 
[error] !  The provided authorization cannot be used with this repository. If this repository is in an organization, did you remember to grant access? 
[info] 
[info] i  Action required: Visit this URL to ensure access has been granted to the appropriate organization(s) for the Firebase CLI GitHub OAuth App: 
[info] https://github.com/settings/connections/applications/89cf50f02ac6aaed3484
[info] 
